2024-11-26T11:44:50.544973+0700 | ERROR | Line #2: Пустая строка
2024-11-26T11:44:50.549181+0700 | ERROR | Line #4: Пустая строка
2024-11-26T11:44:50.549181+0700 | ERROR | Line #5: Некорректное выражение: '-5,2*4'
2024-11-26T11:44:50.551536+0700 | ERROR | Line #6: Пустая строка
2024-11-26T11:44:50.553526+0700 | ERROR | Line #8: Пустая строка
2024-11-26T11:44:50.553526+0700 | ERROR | Line #9: Некорректное выражение: 'a+5'
2024-11-27T12:21:22.794528+0700 | ERROR | Ошибка обработки файла: [Errno 2] No such file or directory: 'activity.csv'
2024-11-27T12:21:40.959679+0700 | DEBUG | Не зафиксировано время входа атлета 10001 в Pool-1
2024-11-27T12:21:40.959679+0700 | DEBUG | Не зафиксировано время входа атлета 10001 в Pool-1
2024-11-27T12:21:40.974686+0700 | DEBUG | Не зафиксировано время входа атлета 10001 в Pool-1
2024-11-27T12:21:40.974686+0700 | DEBUG | Не зафиксировано время входа атлета 10001 в Pool-1
2024-11-27T12:21:40.977437+0700 | DEBUG | Не зафиксировано время выхода атлета 10011 из Center
2024-11-27T12:21:40.977437+0700 | DEBUG | Не зафиксировано время выхода атлета 10011 из Center
2024-11-27T12:21:40.979435+0700 | DEBUG | Не зафиксировано время выхода атлета 10011 из Pool-1
2024-11-27T12:21:40.979435+0700 | DEBUG | Не зафиксировано время выхода атлета 10011 из Pool-1
2024-11-27T12:21:40.988415+0700 | DEBUG | Не зафиксировано время входа атлета 10012 в Center
2024-11-27T12:21:40.988415+0700 | DEBUG | Не зафиксировано время входа атлета 10012 в Center
2024-11-27T12:21:40.993461+0700 | DEBUG | Не зафиксировано время входа атлета 10013 в Center
2024-11-27T12:21:40.993461+0700 | DEBUG | Не зафиксировано время входа атлета 10013 в Center
2024-11-27T12:21:40.997961+0700 | DEBUG | Не зафиксировано время выхода атлета 10017 из Center
2024-11-27T12:21:40.997961+0700 | DEBUG | Не зафиксировано время выхода атлета 10017 из Center
2024-11-27T12:21:41.000960+0700 | DEBUG | Не зафиксировано время входа атлета 10018 в Pool-1
2024-11-27T12:21:41.000960+0700 | DEBUG | Не зафиксировано время входа атлета 10018 в Pool-1
2024-11-27T12:21:41.002952+0700 | DEBUG | Не зафиксировано время выхода атлета 10019 из Pool-2
2024-11-27T12:21:41.002952+0700 | DEBUG | Не зафиксировано время выхода атлета 10019 из Pool-2
2024-11-27T12:21:41.004948+0700 | DEBUG | Не зафиксировано время входа атлета 10020 в Pool-2
2024-11-27T12:21:41.004948+0700 | DEBUG | Не зафиксировано время входа атлета 10020 в Pool-2
